RXSDK/RXSDK-Android/push/rxsdk_push_meizu/build/intermediates/manifest_merge_blame_file/debug/manifest-merger-blame-debug-report.txt
1<?xml version="1.0" encoding="utf-8"?>
2<manifest xmlns:android="http://schemas.android.com/apk/res/android"
3    package="com.ruixue.push.meizu" >
4
5    <uses-sdk android:minSdkVersion="21" />
5-->src/main/AndroidManifest.xml
6
7    <!-- 兼容 Flyme5 的权限配置 -->
8    <uses-permission android:name="com.meizu.flyme.push.permission.RECEIVE" />
8-->src/main/AndroidManifest.xml:6:5-79
8-->src/main/AndroidManifest.xml:6:22-76
9
10    <permission
10-->src/main/AndroidManifest.xml:7:5-9:47
11        android:name="${applicationId}.push.permission.MESSAGE"
11-->src/main/AndroidManifest.xml:8:9-64
12        android:protectionLevel="signature" />
12-->src/main/AndroidManifest.xml:9:9-44
13
14    <uses-permission android:name="${applicationId}.push.permission.MESSAGE" />
14-->src/main/AndroidManifest.xml:10:5-80
14-->src/main/AndroidManifest.xml:10:22-77
15    <!-- 兼容 Flyme3 的权限配置 -->
16    <uses-permission android:name="com.meizu.c2dm.permission.RECEIVE" />
16-->src/main/AndroidManifest.xml:12:5-73
16-->src/main/AndroidManifest.xml:12:22-70
17
18    <permission
18-->src/main/AndroidManifest.xml:13:5-15:47
19        android:name="${applicationId}.permission.C2D_MESSAGE"
19-->src/main/AndroidManifest.xml:14:9-63
20        android:protectionLevel="signature" />
20-->src/main/AndroidManifest.xml:15:9-44
21
22    <uses-permission android:name="${applicationId}.permission.C2D_MESSAGE" />
22-->src/main/AndroidManifest.xml:16:5-79
22-->src/main/AndroidManifest.xml:16:22-76
23
24    <application>
24-->src/main/AndroidManifest.xml:18:5-45:19
25        <meta-data
25-->src/main/AndroidManifest.xml:19:9-21:68
26            android:name="RX_PUSH_MZ"
26-->src/main/AndroidManifest.xml:20:13-38
27            android:value="com.ruixue.push.meizu.MzPushProvider" />
27-->src/main/AndroidManifest.xml:21:13-65
28        <meta-data
28-->src/main/AndroidManifest.xml:22:9-24:47
29            android:name="RX_MZ_APP_ID"
29-->src/main/AndroidManifest.xml:23:13-40
30            android:value="RX_${MZ_APP_ID}" />
30-->src/main/AndroidManifest.xml:24:13-44
31        <meta-data
31-->src/main/AndroidManifest.xml:25:9-27:48
32            android:name="RX_MZ_APP_KEY"
32-->src/main/AndroidManifest.xml:26:13-41
33            android:value="RX_${MZ_APP_KEY}" />
33-->src/main/AndroidManifest.xml:27:13-45
34
35        <!-- Push 应用定义消息 receiver 声明 -->
36        <receiver
36-->src/main/AndroidManifest.xml:30:9-44:20
37            android:name="com.ruixue.push.meizu.MzPushReceiver"
37-->src/main/AndroidManifest.xml:30:19-49
38            android:exported="false" >
38-->src/main/AndroidManifest.xml:30:50-74
39            <intent-filter>
39-->src/main/AndroidManifest.xml:31:13-43:29
40
41                <!-- 接收 push 消息 -->
42                <action android:name="com.meizu.flyme.push.intent.MESSAGE" />
42-->src/main/AndroidManifest.xml:33:17-78
42-->src/main/AndroidManifest.xml:33:25-75
43                <!-- 接收 register 消息 -->
44                <action android:name="com.meizu.flyme.push.intent.REGISTER.FEEDBACK" />
44-->src/main/AndroidManifest.xml:35:17-88
44-->src/main/AndroidManifest.xml:35:25-85
45                <!-- 接收 unregister 消息 -->
46                <action android:name="com.meizu.flyme.push.intent.UNREGISTER.FEEDBACK" />
46-->src/main/AndroidManifest.xml:37:17-90
46-->src/main/AndroidManifest.xml:37:25-87
47                <!-- 兼容低版本 Flyme3 推送服务配置 -->
48                <action android:name="com.meizu.c2dm.intent.REGISTRATION" />
48-->src/main/AndroidManifest.xml:39:17-77
48-->src/main/AndroidManifest.xml:39:25-74
49                <action android:name="com.meizu.c2dm.intent.RECEIVE" />
49-->src/main/AndroidManifest.xml:40:17-72
49-->src/main/AndroidManifest.xml:40:25-69
50
51                <category android:name="${applicationId}" />
51-->src/main/AndroidManifest.xml:42:17-61
51-->src/main/AndroidManifest.xml:42:27-58
52            </intent-filter>
53        </receiver>
54    </application>
55
56</manifest>